app/build/intermediates/manifest_merge_blame_file/debug/manifest-merger-blame-debug-report.txt
1<?xml version="1.0" encoding="utf-8"?>
2<manifest xmlns:android="http://schemas.android.com/apk/res/android"
3    package="com.example.applinelayoutlogin"
4    android:versionCode="1"
5    android:versionName="1.0" >
6
7    <uses-sdk
8        android:minSdkVersion="21"
8-->src/main/AndroidManifest.xml
9        android:targetSdkVersion="33" />
9-->src/main/AndroidManifest.xml
10
11    <uses-permission android:name="android.permission.INTERNET" />
11-->src/main/AndroidManifest.xml:5:5-67
11-->src/main/AndroidManifest.xml:5:22-64
12
13    <permission
13-->[androidx.core:core:1.9.0] AndroidManifest.xml:22:5-24:47
14        android:name="com.example.applinelayoutlogin.DYNAMIC_RECEIVER_NOT_EXPORTED_PERMISSION"
14-->[androidx.core:core:1.9.0] AndroidManifest.xml:23:9-81
15        android:protectionLevel="signature" />
15-->[androidx.core:core:1.9.0] AndroidManifest.xml:24:9-44
16
17    <uses-permission android:name="com.example.applinelayoutlogin.DYNAMIC_RECEIVER_NOT_EXPORTED_PERMISSION" />
17-->[androidx.core:core:1.9.0] AndroidManifest.xml:26:5-97
17-->[androidx.core:core:1.9.0] AndroidManifest.xml:26:22-94
18
19    <application
19-->src/main/AndroidManifest.xml:7:5-324:19
20        android:allowBackup="true"
20-->src/main/AndroidManifest.xml:8:9-35
21        android:appComponentFactory="androidx.core.app.CoreComponentFactory"
21-->[androidx.core:core:1.9.0] AndroidManifest.xml:28:18-86
22        android:dataExtractionRules="@xml/data_extraction_rules"
22-->src/main/AndroidManifest.xml:9:9-65
23        android:debuggable="true"
24        android:fullBackupContent="@xml/backup_rules"
24-->src/main/AndroidManifest.xml:10:9-54
25        android:icon="@mipmap/ic_launcher"
25-->src/main/AndroidManifest.xml:11:9-43
26        android:label="@string/app_name"
26-->src/main/AndroidManifest.xml:12:9-41
27        android:roundIcon="@mipmap/ic_launcher_round"
27-->src/main/AndroidManifest.xml:13:9-54
28        android:supportsRtl="true"
28-->src/main/AndroidManifest.xml:14:9-35
29        android:testOnly="true"
30        android:theme="@style/Theme.AppLineLayoutLogin" >
30-->src/main/AndroidManifest.xml:15:9-56
31        <activity
31-->src/main/AndroidManifest.xml:17:9-19:40
32            android:name="com.example.applinelayoutlogin.registrarTopes"
32-->src/main/AndroidManifest.xml:18:13-43
33            android:exported="false" />
33-->src/main/AndroidManifest.xml:19:13-37
34        <activity
34-->src/main/AndroidManifest.xml:20:9-26:20
35            android:name="com.example.applinelayoutlogin.bloquearDesbloquerUsuario"
35-->src/main/AndroidManifest.xml:21:13-54
36            android:exported="false" >
36-->src/main/AndroidManifest.xml:22:13-37
37            <meta-data
37-->src/main/AndroidManifest.xml:23:13-25:36
38                android:name="android.app.lib_name"
38-->src/main/AndroidManifest.xml:24:17-52
39                android:value="" />
39-->src/main/AndroidManifest.xml:25:17-33
40        </activity>
41        <activity
41-->src/main/AndroidManifest.xml:27:9-33:20
42            android:name="com.example.applinelayoutlogin.crearUsuario"
42-->src/main/AndroidManifest.xml:28:13-41
43            android:exported="false" >
43-->src/main/AndroidManifest.xml:29:13-37
44            <meta-data
44-->src/main/AndroidManifest.xml:23:13-25:36
45                android:name="android.app.lib_name"
45-->src/main/AndroidManifest.xml:24:17-52
46                android:value="" />
46-->src/main/AndroidManifest.xml:25:17-33
47        </activity>
48        <activity
48-->src/main/AndroidManifest.xml:34:9-40:20
49            android:name="com.example.applinelayoutlogin.verResumen"
49-->src/main/AndroidManifest.xml:35:13-39
50            android:exported="false" >
50-->src/main/AndroidManifest.xml:36:13-37
51            <meta-data
51-->src/main/AndroidManifest.xml:23:13-25:36
52                android:name="android.app.lib_name"
52-->src/main/AndroidManifest.xml:24:17-52
53                android:value="" />
53-->src/main/AndroidManifest.xml:25:17-33
54        </activity>
55        <activity
55-->src/main/AndroidManifest.xml:41:9-47:20
56            android:name="com.example.applinelayoutlogin.definirHorarios"
56-->src/main/AndroidManifest.xml:42:13-44
57            android:exported="false" >
57-->src/main/AndroidManifest.xml:43:13-37
58            <meta-data
58-->src/main/AndroidManifest.xml:23:13-25:36
59                android:name="android.app.lib_name"
59-->src/main/AndroidManifest.xml:24:17-52
60                android:value="" />
60-->src/main/AndroidManifest.xml:25:17-33
61        </activity>
62        <activity
62-->src/main/AndroidManifest.xml:48:9-54:20
63            android:name="com.example.applinelayoutlogin.misListas"
63-->src/main/AndroidManifest.xml:49:13-38
64            android:exported="false" >
64-->src/main/AndroidManifest.xml:50:13-37
65            <meta-data
65-->src/main/AndroidManifest.xml:23:13-25:36
66                android:name="android.app.lib_name"
66-->src/main/AndroidManifest.xml:24:17-52
67                android:value="" />
67-->src/main/AndroidManifest.xml:25:17-33
68        </activity>
69        <activity
69-->src/main/AndroidManifest.xml:55:9-67:20
70            android:name="com.example.applinelayoutlogin.MainActivity"
70-->src/main/AndroidManifest.xml:56:13-41
71            android:exported="true" >
71-->src/main/AndroidManifest.xml:57:13-36
72            <intent-filter>
72-->src/main/AndroidManifest.xml:58:13-62:29
73                <action android:name="android.intent.action.MAIN" />
73-->src/main/AndroidManifest.xml:59:17-69
73-->src/main/AndroidManifest.xml:59:25-66
74
75                <category android:name="android.intent.category.LAUNCHER" />
75-->src/main/AndroidManifest.xml:61:17-77
75-->src/main/AndroidManifest.xml:61:27-74
76            </intent-filter>
77
78            <meta-data
78-->src/main/AndroidManifest.xml:23:13-25:36
79                android:name="android.app.lib_name"
79-->src/main/AndroidManifest.xml:24:17-52
80                android:value="" />
80-->src/main/AndroidManifest.xml:25:17-33
81        </activity>
82        <activity
82-->src/main/AndroidManifest.xml:68:9-83:20
83            android:name="com.example.applinelayoutlogin.user_parlet_activity"
83-->src/main/AndroidManifest.xml:69:13-49
84            android:exported="false" >
84-->src/main/AndroidManifest.xml:70:13-37
85
86            <!--
87            <intent-filter>
88                <action android:name="android.intent.action.MAIN" />
89
90                <category android:name="android.intent.category.LAUNCHER" />
91            </intent-filter>
92            -->
93
94            <meta-data
94-->src/main/AndroidManifest.xml:23:13-25:36
95                android:name="android.app.lib_name"
95-->src/main/AndroidManifest.xml:24:17-52
96                android:value="" />
96-->src/main/AndroidManifest.xml:25:17-33
97        </activity>
98        <activity
98-->src/main/AndroidManifest.xml:84:9-99:20
99            android:name="com.example.applinelayoutlogin.user_jugada_simple_Activity"
99-->src/main/AndroidManifest.xml:85:13-56
100            android:exported="false" >
100-->src/main/AndroidManifest.xml:86:13-37
101
102            <!--
103            <intent-filter>
104                <action android:name="android.intent.action.MAIN" />
105
106                <category android:name="android.intent.category.LAUNCHER" />
107            </intent-filter>
108            -->
109
110            <meta-data
110-->src/main/AndroidManifest.xml:23:13-25:36
111                android:name="android.app.lib_name"
111-->src/main/AndroidManifest.xml:24:17-52
112                android:value="" />
112-->src/main/AndroidManifest.xml:25:17-33
113        </activity>
114        <activity
114-->src/main/AndroidManifest.xml:100:9-115:20
115            android:name="com.example.applinelayoutlogin.principal"
115-->src/main/AndroidManifest.xml:101:13-38
116            android:exported="false" >
116-->src/main/AndroidManifest.xml:102:13-37
117
118            <!--
119            <intent-filter>
120                <action android:name="android.intent.action.APP_ERROR" />
121
122                <category android:name="android.intent.category.LAUNCHER" />
123            </intent-filter>
124            -->
125
126            <meta-data
126-->src/main/AndroidManifest.xml:23:13-25:36
127                android:name="android.app.lib_name"
127-->src/main/AndroidManifest.xml:24:17-52
128                android:value="" />
128-->src/main/AndroidManifest.xml:25:17-33
129        </activity>
130        <activity
130-->src/main/AndroidManifest.xml:116:9-131:20
131            android:name="com.example.applinelayoutlogin.user_candado_parlet"
131-->src/main/AndroidManifest.xml:117:13-48
132            android:exported="false" >
132-->src/main/AndroidManifest.xml:118:13-37
133
134            <!--
135            <intent-filter>
136                <action android:name="android.intent.action.APP_ERROR" />
137
138                <category android:name="android.intent.category.LAUNCHER" />
139            </intent-filter>
140            -->
141
142            <meta-data
142-->src/main/AndroidManifest.xml:23:13-25:36
143                android:name="android.app.lib_name"
143-->src/main/AndroidManifest.xml:24:17-52
144                android:value="" />
144-->src/main/AndroidManifest.xml:25:17-33
145        </activity>
146        <activity
146-->src/main/AndroidManifest.xml:132:9-147:20
147            android:name="com.example.applinelayoutlogin.user_multiple_jugadas"
147-->src/main/AndroidManifest.xml:133:13-50
148            android:exported="false" >
148-->src/main/AndroidManifest.xml:134:13-37
149
150            <!--
151            <intent-filter>
152                <action android:name="android.intent.action.APP_ERROR" />
153
154                <category android:name="android.intent.category.LAUNCHER" />
155            </intent-filter>
156            -->
157
158            <meta-data
158-->src/main/AndroidManifest.xml:23:13-25:36
159                android:name="android.app.lib_name"
159-->src/main/AndroidManifest.xml:24:17-52
160                android:value="" />
160-->src/main/AndroidManifest.xml:25:17-33
161        </activity>
162        <activity
162-->src/main/AndroidManifest.xml:148:9-163:20
163            android:name="com.example.applinelayoutlogin.crearMenu"
163-->src/main/AndroidManifest.xml:149:13-38
164            android:exported="false" >
164-->src/main/AndroidManifest.xml:150:13-37
165
166            <!--
167            <intent-filter>
168                <action android:name="android.intent.action.APP_ERROR" />
169
170                <category android:name="android.intent.category.LAUNCHER" />
171            </intent-filter>
172            -->
173
174            <meta-data
174-->src/main/AndroidManifest.xml:23:13-25:36
175                android:name="android.app.lib_name"
175-->src/main/AndroidManifest.xml:24:17-52
176                android:value="" />
176-->src/main/AndroidManifest.xml:25:17-33
177        </activity>
178        <activity
178-->src/main/AndroidManifest.xml:164:9-179:20
179            android:name="com.example.applinelayoutlogin.agregarSubMenu"
179-->src/main/AndroidManifest.xml:165:13-43
180            android:exported="false" >
180-->src/main/AndroidManifest.xml:166:13-37
181
182            <!--
183            <intent-filter>
184                <action android:name="android.intent.action.APP_ERROR" />
185
186                <category android:name="android.intent.category.LAUNCHER" />
187            </intent-filter>
188            -->
189
190            <meta-data
190-->src/main/AndroidManifest.xml:23:13-25:36
191                android:name="android.app.lib_name"
191-->src/main/AndroidManifest.xml:24:17-52
192                android:value="" />
192-->src/main/AndroidManifest.xml:25:17-33
193        </activity>
194        <activity
194-->src/main/AndroidManifest.xml:180:9-195:20
195            android:name="com.example.applinelayoutlogin.crearPermisos"
195-->src/main/AndroidManifest.xml:181:13-42
196            android:exported="false" >
196-->src/main/AndroidManifest.xml:182:13-37
197
198            <!--
199            <intent-filter>
200                <action android:name="android.intent.action.APP_ERROR" />
201
202                <category android:name="android.intent.category.LAUNCHER" />
203            </intent-filter>
204            -->
205
206            <meta-data
206-->src/main/AndroidManifest.xml:23:13-25:36
207                android:name="android.app.lib_name"
207-->src/main/AndroidManifest.xml:24:17-52
208                android:value="" />
208-->src/main/AndroidManifest.xml:25:17-33
209        </activity>
210        <activity
210-->src/main/AndroidManifest.xml:196:9-211:20
211            android:name="com.example.applinelayoutlogin.asociarPermisoGrupo"
211-->src/main/AndroidManifest.xml:197:13-48
212            android:exported="false" >
212-->src/main/AndroidManifest.xml:198:13-37
213
214            <!--
215            <intent-filter>
216                <action android:name="android.intent.action.APP_ERROR" />
217
218                <category android:name="android.intent.category.LAUNCHER" />
219            </intent-filter>
220            -->
221
222            <meta-data
222-->src/main/AndroidManifest.xml:23:13-25:36
223                android:name="android.app.lib_name"
223-->src/main/AndroidManifest.xml:24:17-52
224                android:value="" />
224-->src/main/AndroidManifest.xml:25:17-33
225        </activity>
226        <activity
226-->src/main/AndroidManifest.xml:212:9-227:20
227            android:name="com.example.applinelayoutlogin.mostrarListaListeros"
227-->src/main/AndroidManifest.xml:213:13-49
228            android:exported="false" >
228-->src/main/AndroidManifest.xml:214:13-37
229
230            <!--
231            <intent-filter>
232                <action android:name="android.intent.action.APP_ERROR" />
233
234                <category android:name="android.intent.category.LAUNCHER" />
235            </intent-filter>
236            -->
237
238            <meta-data
238-->src/main/AndroidManifest.xml:23:13-25:36
239                android:name="android.app.lib_name"
239-->src/main/AndroidManifest.xml:24:17-52
240                android:value="" />
240-->src/main/AndroidManifest.xml:25:17-33
241        </activity>
242        <activity
242-->src/main/AndroidManifest.xml:228:9-243:20
243            android:name="com.example.applinelayoutlogin.registrartiro"
243-->src/main/AndroidManifest.xml:229:13-42
244            android:exported="false" >
244-->src/main/AndroidManifest.xml:230:13-37
245
246            <!--
247            <intent-filter>
248                <action android:name="android.intent.action.APP_ERROR" />
249
250                <category android:name="android.intent.category.LAUNCHER" />
251            </intent-filter>
252            -->
253
254            <meta-data
254-->src/main/AndroidManifest.xml:23:13-25:36
255                android:name="android.app.lib_name"
255-->src/main/AndroidManifest.xml:24:17-52
256                android:value="" />
256-->src/main/AndroidManifest.xml:25:17-33
257        </activity>
258        <activity
258-->src/main/AndroidManifest.xml:244:9-259:20
259            android:name="com.example.applinelayoutlogin.agregarTarifaPago"
259-->src/main/AndroidManifest.xml:245:13-46
260            android:exported="false" >
260-->src/main/AndroidManifest.xml:246:13-37
261
262            <!--
263            <intent-filter>
264                <action android:name="android.intent.action.APP_ERROR" />
265
266                <category android:name="android.intent.category.LAUNCHER" />
267            </intent-filter>
268            -->
269
270            <meta-data
270-->src/main/AndroidManifest.xml:23:13-25:36
271                android:name="android.app.lib_name"
271-->src/main/AndroidManifest.xml:24:17-52
272                android:value="" />
272-->src/main/AndroidManifest.xml:25:17-33
273        </activity>
274        <activity
274-->src/main/AndroidManifest.xml:260:9-275:20
275            android:name="com.example.applinelayoutlogin.mostararDatos"
275-->src/main/AndroidManifest.xml:261:13-42
276            android:exported="false" >
276-->src/main/AndroidManifest.xml:262:13-37
277
278            <!--
279            <intent-filter>
280                <action android:name="android.intent.action.APP_ERROR" />
281
282                <category android:name="android.intent.category.LAUNCHER" />
283            </intent-filter>
284            -->
285
286            <meta-data
286-->src/main/AndroidManifest.xml:23:13-25:36
287                android:name="android.app.lib_name"
287-->src/main/AndroidManifest.xml:24:17-52
288                android:value="" />
288-->src/main/AndroidManifest.xml:25:17-33
289        </activity>
290        <activity
290-->src/main/AndroidManifest.xml:276:9-291:20
291            android:name="com.example.applinelayoutlogin.insertarTerminal"
291-->src/main/AndroidManifest.xml:277:13-45
292            android:exported="false" >
292-->src/main/AndroidManifest.xml:278:13-37
293
294            <!--
295            <intent-filter>
296                <action android:name="android.intent.action.APP_ERROR" />
297
298                <category android:name="android.intent.category.LAUNCHER" />
299            </intent-filter>
300            -->
301
302            <meta-data
302-->src/main/AndroidManifest.xml:23:13-25:36
303                android:name="android.app.lib_name"
303-->src/main/AndroidManifest.xml:24:17-52
304                android:value="" />
304-->src/main/AndroidManifest.xml:25:17-33
305        </activity>
306        <activity
306-->src/main/AndroidManifest.xml:292:9-307:20
307            android:name="com.example.applinelayoutlogin.insertarDecenas"
307-->src/main/AndroidManifest.xml:293:13-44
308            android:exported="false" >
308-->src/main/AndroidManifest.xml:294:13-37
309
310            <!--
311            <intent-filter>
312                <action android:name="android.intent.action.APP_ERROR" />
313
314                <category android:name="android.intent.category.LAUNCHER" />
315            </intent-filter>
316            -->
317
318            <meta-data
318-->src/main/AndroidManifest.xml:23:13-25:36
319                android:name="android.app.lib_name"
319-->src/main/AndroidManifest.xml:24:17-52
320                android:value="" />
320-->src/main/AndroidManifest.xml:25:17-33
321        </activity>
322        <activity
322-->src/main/AndroidManifest.xml:308:9-323:20
323            android:name="com.example.applinelayoutlogin.insertarCentena"
323-->src/main/AndroidManifest.xml:309:13-44
324            android:exported="false" >
324-->src/main/AndroidManifest.xml:310:13-37
325
326            <!--
327            <intent-filter>
328                <action android:name="android.intent.action.APP_ERROR" />
329
330                <category android:name="android.intent.category.LAUNCHER" />
331            </intent-filter>
332            -->
333
334            <meta-data
334-->src/main/AndroidManifest.xml:23:13-25:36
335                android:name="android.app.lib_name"
335-->src/main/AndroidManifest.xml:24:17-52
336                android:value="" />
336-->src/main/AndroidManifest.xml:25:17-33
337        </activity>
338
339        <provider
339-->[androidx.emoji2:emoji2:1.2.0] AndroidManifest.xml:24:9-32:20
340            android:name="androidx.startup.InitializationProvider"
340-->[androidx.emoji2:emoji2:1.2.0] AndroidManifest.xml:25:13-67
341            android:authorities="com.example.applinelayoutlogin.androidx-startup"
341-->[androidx.emoji2:emoji2:1.2.0] AndroidManifest.xml:26:13-68
342            android:exported="false" >
342-->[androidx.emoji2:emoji2:1.2.0] AndroidManifest.xml:27:13-37
343            <meta-data
343-->[androidx.emoji2:emoji2:1.2.0] AndroidManifest.xml:29:13-31:52
344                android:name="androidx.emoji2.text.EmojiCompatInitializer"
344-->[androidx.emoji2:emoji2:1.2.0] AndroidManifest.xml:30:17-75
345                android:value="androidx.startup" />
345-->[androidx.emoji2:emoji2:1.2.0] AndroidManifest.xml:31:17-49
346            <meta-data
346-->[androidx.lifecycle:lifecycle-process:2.4.1] AndroidManifest.xml:31:13-33:52
347                android:name="androidx.lifecycle.ProcessLifecycleInitializer"
347-->[androidx.lifecycle:lifecycle-process:2.4.1] AndroidManifest.xml:32:17-78
348                android:value="androidx.startup" />
348-->[androidx.lifecycle:lifecycle-process:2.4.1] AndroidManifest.xml:33:17-49
349        </provider>
350    </application>
351
352</manifest>